<?xml version="1.0" encoding="utf-8"?><testsuites name="pytest tests"><testsuite name="pytest" errors="0" failures="0" skipped="0" tests="12" time="120.436" timestamp="2026-04-09T01:09:21.766583-05:00" hostname="Owner-PC"><testcase classname="tests.test_fd004_real" name="test_load_fd004_dataset_parses_rows" time="1.452" /><testcase classname="tests.test_fd004_real" name="test_fd004_row_to_sii_record_pads_to_24_sensors" time="0.001" /><testcase classname="tests.test_fd004_real" name="test_run_fd004_real_evaluation_generates_outputs" time="0.375" /><testcase classname="tests.test_fd004_real" name="test_run_fd004_real_evaluation_hero_csv_schema" time="0.225" /><testcase classname="tests.test_ims_state_transitions" name="test_alert_latches_and_releases_after_deep_recovery" time="0.956" /><testcase classname="tests.test_ims_state_transitions" name="test_smoothing_and_persistence_prevent_single_spike_flicker" time="0.046" /><testcase classname="tests.test_ims_state_transitions" name="test_fast_trigger_override_latches_immediately" time="0.046" /><testcase classname="tests.test_ims_state_transitions" name="test_process_frame_exposes_explicit_policy_outputs" time="0.068" /><testcase classname="tests.test_ims_state_transitions" name="test_policy_fields_ignore_legacy_decision_payload" time="0.038" /><testcase classname="tests.test_ims_state_transitions" name="test_process_frame_exposes_architecture_split_fields" time="0.043" /><testcase classname="tests.test_ims_state_transitions" name="test_auxiliary_mahalanobis_aliases_do_not_override_policy_state" time="0.034" /><testcase classname="tests.test_ims_state_transitions" name="test_fd004_locked_policy_defaults_are_preserved" time="0.065" /></testsuite></testsuites>