<?xml version="1.0" encoding="utf-8"?><testsuites name="pytest tests"><testsuite name="pytest" errors="0" failures="0" skipped="0" tests="7" time="1061.926" timestamp="2026-04-09T01:09:17.984139-05:00" hostname="Owner-PC"><testcase classname="tests.test_sensor_order_expands" name="test_sensor_order_merges_new_keys_across_frames" time="1.570" /><testcase classname="tests.test_sensor_order_expands" name="test_sensor_order_registers_only_real_numeric_channels" time="0.231" /><testcase classname="tests.test_incremental_windows" name="test_incremental_matches_batch_drift_scores[0]" time="426.809" /><testcase classname="tests.test_incremental_windows" name="test_incremental_matches_batch_drift_scores[1]" time="372.961" /><testcase classname="tests.test_incremental_windows" name="test_incremental_vs_batch_identical_scores" time="133.183" /><testcase classname="tests.test_incremental_windows" name="test_schema_change_rebuilds_buffers" time="3.118" /><testcase classname="tests.test_incremental_windows" name="test_full_frame_gating_requires_non_zero_width_windows" time="0.228" /></testsuite></testsuites>